<?xml version="1.0" encoding="UTF-8"?>
<testsuite xmlns:xsi="http://www.w3.org/2001/XMLSchema-instance" xsi:noNamespaceSchemaLocation="https://maven.apache.org/surefire/maven-surefire-plugin/xsd/surefire-test-report-3.0.xsd" version="3.0" name="co.com.InternetDeLasCosas.api.ApiApplicationTests" time="9.485" tests="1" errors="0" skipped="0" failures="0">
  <properties>
[...]
</properties>
  <testcase name="contextLoads" classname="co.com.InternetDeLasCosas.api.ApiApplicationTests" time="0.815">
    <system-out><![CDATA[14:41:39.588 [main] INFO org.springframework.test.context.support.AnnotationConfigContextLoaderUtils -- Could not detect default configuration classes for test class [co.com.InternetDeLasCosas.api.ApiApplicationTests]: ApiApplicationTests does not declare any static, non-private, non-final, nested classes annotated with @Configuration.
14:41:39.816 [main] INFO org.springframework.boot.test.context.SpringBootTestContextBootstrapper -- Found @SpringBootConfiguration co.com.InternetDeLasCosas.api.ApiApplication for test class co.com.InternetDeLasCosas.api.ApiApplicationTests
14:41:40.165 [main] INFO org.springframework.boot.devtools.restart.RestartApplicationListener -- Restart disabled due to context in which it is running

  .   ____          _            __ _ _
 /\\ / ___'_ __ _ _(_)_ __  __ _ \ \ \ \
( ( )\___ | '_ | '_| | '_ \/ _` | \ \ \ \
 \\/  ___)| |_)| | | | | || (_| |  ) ) ) )
  '  |____| .__|_| |_|_| |_\__, | / / / /
 =========|_|==============|___/=/_/_/_/

 :: Spring Boot ::                (v3.3.5)

2024-11-27T14:41:40.547-05:00  INFO 6320 --- [ApiIot] [           main] c.c.I.api.ApiApplicationTests            : Starting ApiApplicationTests using Java 17.0.11 with PID 6320 (started by ariel in C:\Users\ariel\OneDrive\Documentos\programing\JOBS\Elisaza\api)
2024-11-27T14:41:40.550-05:00  INFO 6320 --- [ApiIot] [           main] c.c.I.api.ApiApplicationTests            : No active profile set, falling back to 1 default profile: "default"
2024-11-27T14:41:42.049-05:00  INFO 6320 --- [ApiIot] [           main] .s.d.r.c.RepositoryConfigurationDelegate : Multiple Spring Data modules found, entering strict repository configuration mode
2024-11-27T14:41:42.052-05:00  INFO 6320 --- [ApiIot] [           main] .s.d.r.c.RepositoryConfigurationDelegate : Bootstrapping Spring Data JDBC repositories in DEFAULT mode.
2024-11-27T14:41:42.140-05:00  INFO 6320 --- [ApiIot] [           main] .RepositoryConfigurationExtensionSupport : Spring Data JDBC - Could not safely identify store assignment for repository candidate interface co.com.InternetDeLasCosas.api.Resource.Components.ComponentsRepository; If you want this repository to be a JDBC repository, consider annotating your entities with one of these annotations: org.springframework.data.relational.core.mapping.Table.
2024-11-27T14:41:42.147-05:00  INFO 6320 --- [ApiIot] [           main] .RepositoryConfigurationExtensionSupport : Spring Data JDBC - Could not safely identify store assignment for repository candidate interface co.com.InternetDeLasCosas.api.Resource.Login.LoginRepository; If you want this repository to be a JDBC repository, consider annotating your entities with one of these annotations: org.springframework.data.relational.core.mapping.Table.
2024-11-27T14:41:42.148-05:00  INFO 6320 --- [ApiIot] [           main] .s.d.r.c.RepositoryConfigurationDelegate : Finished Spring Data repository scanning in 84 ms. Found 0 JDBC repository interfaces.
2024-11-27T14:41:42.179-05:00  INFO 6320 --- [ApiIot] [           main] .s.d.r.c.RepositoryConfigurationDelegate : Multiple Spring Data modules found, entering strict repository configuration mode
2024-11-27T14:41:42.182-05:00  INFO 6320 --- [ApiIot] [           main] .s.d.r.c.RepositoryConfigurationDelegate : Bootstrapping Spring Data JPA repositories in DEFAULT mode.
2024-11-27T14:41:42.251-05:00  INFO 6320 --- [ApiIot] [           main] .s.d.r.c.RepositoryConfigurationDelegate : Finished Spring Data repository scanning in 55 ms. Found 2 JPA repository interfaces.
2024-11-27T14:41:42.357-05:00  INFO 6320 --- [ApiIot] [           main] .s.d.r.c.RepositoryConfigurationDelegate : Multiple Spring Data modules found, entering strict repository configuration mode
2024-11-27T14:41:42.358-05:00  INFO 6320 --- [ApiIot] [           main] .s.d.r.c.RepositoryConfigurationDelegate : Bootstrapping Spring Data MongoDB repositories in DEFAULT mode.
2024-11-27T14:41:42.364-05:00  INFO 6320 --- [ApiIot] [           main] .RepositoryConfigurationExtensionSupport : Spring Data MongoDB - Could not safely identify store assignment for repository candidate interface co.com.InternetDeLasCosas.api.Resource.Components.ComponentsRepository; If you want this repository to be a MongoDB repository, consider annotating your entities with one of these annotations: org.springframework.data.mongodb.core.mapping.Document (preferred), or consider extending one of the following types with your repository: org.springframework.data.mongodb.repository.MongoRepository
2024-11-27T14:41:42.365-05:00  INFO 6320 --- [ApiIot] [           main] .RepositoryConfigurationExtensionSupport : Spring Data MongoDB - Could not safely identify store assignment for repository candidate interface co.com.InternetDeLasCosas.api.Resource.Login.LoginRepository; If you want this repository to be a MongoDB repository, consider annotating your entities with one of these annotations: org.springframework.data.mongodb.core.mapping.Document (preferred), or consider extending one of the following types with your repository: org.springframework.data.mongodb.repository.MongoRepository
2024-11-27T14:41:42.365-05:00  INFO 6320 --- [ApiIot] [           main] .s.d.r.c.RepositoryConfigurationDelegate : Finished Spring Data repository scanning in 7 ms. Found 0 MongoDB repository interfaces.
2024-11-27T14:41:43.522-05:00  INFO 6320 --- [ApiIot] [           main] com.zaxxer.hikari.HikariDataSource       : HikariPool-1 - Starting...
2024-11-27T14:41:43.930-05:00  INFO 6320 --- [ApiIot] [           main] com.zaxxer.hikari.pool.HikariPool        : HikariPool-1 - Added connection com.mysql.cj.jdbc.ConnectionImpl@26be9a6
2024-11-27T14:41:43.934-05:00  INFO 6320 --- [ApiIot] [           main] com.zaxxer.hikari.HikariDataSource       : HikariPool-1 - Start completed.
2024-11-27T14:41:44.016-05:00  INFO 6320 --- [ApiIot] [           main] org.flywaydb.core.FlywayExecutor         : Database: jdbc:mysql://localhost/IOT (MySQL 5.5)
2024-11-27T14:41:44.082-05:00  INFO 6320 --- [ApiIot] [           main] o.f.core.internal.command.DbValidate     : Successfully validated 2 migrations (execution time 00:00.040s)
2024-11-27T14:41:44.101-05:00  INFO 6320 --- [ApiIot] [           main] o.f.core.internal.command.DbMigrate      : Current version of schema `iot`: 2
2024-11-27T14:41:44.107-05:00  INFO 6320 --- [ApiIot] [           main] o.f.core.internal.command.DbMigrate      : Schema `iot` is up to date. No migration necessary.
2024-11-27T14:41:44.267-05:00  INFO 6320 --- [ApiIot] [           main] o.hibernate.jpa.internal.util.LogHelper  : HHH000204: Processing PersistenceUnitInfo [name: default]
2024-11-27T14:41:44.397-05:00  INFO 6320 --- [ApiIot] [           main] org.hibernate.Version                    : HHH000412: Hibernate ORM core version 6.5.3.Final
2024-11-27T14:41:44.469-05:00  INFO 6320 --- [ApiIot] [           main] o.h.c.internal.RegionFactoryInitiator    : HHH000026: Second-level cache disabled
2024-11-27T14:41:45.052-05:00  INFO 6320 --- [ApiIot] [           main] o.s.o.j.p.SpringPersistenceUnitInfo      : No LoadTimeWeaver setup: ignoring JPA class transformer
2024-11-27T14:41:45.146-05:00  WARN 6320 --- [ApiIot] [           main] org.hibernate.dialect.Dialect            : HHH000511: The 5.5.5 version for [org.hibernate.dialect.MySQLDialect] is no longer supported, hence certain features may not work properly. The minimum supported version is 8.0.0. Check the community dialects project for available legacy versions.
2024-11-27T14:41:46.077-05:00  INFO 6320 --- [ApiIot] [           main] o.h.e.t.j.p.i.JtaPlatformInitiator       : HHH000489: No JTA platform available (set 'hibernate.transaction.jta.platform' to enable JTA platform integration)
2024-11-27T14:41:46.081-05:00  INFO 6320 --- [ApiIot] [           main] j.LocalContainerEntityManagerFactoryBean : Initialized JPA EntityManagerFactory for persistence unit 'default'
2024-11-27T14:41:46.753-05:00  WARN 6320 --- [ApiIot] [           main] JpaBaseConfiguration$JpaWebConfiguration : spring.jpa.open-in-view is enabled by default. Therefore, database queries may be performed during view rendering. Explicitly configure spring.jpa.open-in-view to disable this warning
2024-11-27T14:41:47.533-05:00  INFO 6320 --- [ApiIot] [           main] org.mongodb.driver.client                : MongoClient with metadata {"driver": {"name": "mongo-java-driver|sync|spring-boot", "version": "5.0.1"}, "os": {"type": "Windows", "name": "Windows 10", "architecture": "amd64", "version": "10.0"}, "platform": "Java/Oracle Corporation/17.0.11+7-LTS-207"} created with settings MongoClientSettings{readPreference=primary, writeConcern=WriteConcern{w=null, wTimeout=null ms, journal=null}, retryWrites=true, retryReads=true, readConcern=ReadConcern{level=null}, credential=null, transportSettings=null, commandListeners=[], codecRegistry=ProvidersCodecRegistry{codecProviders=[ValueCodecProvider{}, BsonValueCodecProvider{}, DBRefCodecProvider{}, DBObjectCodecProvider{}, DocumentCodecProvider{}, CollectionCodecProvider{}, IterableCodecProvider{}, MapCodecProvider{}, GeoJsonCodecProvider{}, GridFSFileCodecProvider{}, Jsr310CodecProvider{}, JsonObjectCodecProvider{}, BsonCodecProvider{}, EnumCodecProvider{}, com.mongodb.client.model.mql.ExpressionCodecProvider@5799b8a2, com.mongodb.Jep395RecordCodecProvider@5f662dd, com.mongodb.KotlinCodecProvider@38568876]}, loggerSettings=LoggerSettings{maxDocumentLength=1000}, clusterSettings={hosts=[localhost:27017], srvServiceName=mongodb, mode=SINGLE, requiredClusterType=UNKNOWN, requiredReplicaSetName='null', serverSelector='null', clusterListeners='[]', serverSelectionTimeout='30000 ms', localThreshold='15 ms'}, socketSettings=SocketSettings{connectTimeoutMS=10000, readTimeoutMS=0, receiveBufferSize=0, proxySettings=ProxySettings{host=null, port=null, username=null, password=null}}, heartbeatSocketSettings=SocketSettings{connectTimeoutMS=10000, readTimeoutMS=10000, receiveBufferSize=0, proxySettings=ProxySettings{host=null, port=null, username=null, password=null}}, connectionPoolSettings=ConnectionPoolSettings{maxSize=100, minSize=0, maxWaitTimeMS=120000, maxConnectionLifeTimeMS=0, maxConnectionIdleTimeMS=0, maintenanceInitialDelayMS=0, maintenanceFrequencyMS=60000, connectionPoolListeners=[], maxConnecting=2}, serverSettings=ServerSettings{heartbeatFrequencyMS=10000, minHeartbeatFrequencyMS=500, serverListeners='[]', serverMonitorListeners='[]'}, sslSettings=SslSettings{enabled=false, invalidHostNameAllowed=false, context=null}, applicationName='null', compressorList=[], uuidRepresentation=JAVA_LEGACY, serverApi=null, autoEncryptionSettings=null, dnsClient=null, inetAddressResolver=null, contextProvider=null}
2024-11-27T14:41:47.558-05:00  INFO 6320 --- [ApiIot] [localhost:27017] org.mongodb.driver.cluster               : Monitor thread successfully connected to server with description ServerDescription{address=localhost:27017, type=STANDALONE, state=CONNECTED, ok=true, minWireVersion=0, maxWireVersion=21, maxDocumentSize=16777216, logicalSessionTimeoutMinutes=30, roundTripTimeNanos=29551300}
2024-11-27T14:41:47.899-05:00  INFO 6320 --- [ApiIot] [           main] c.c.I.api.ApiApplicationTests            : Started ApiApplicationTests in 7.759 seconds (process running for 9.689)
]]></system-out>
  </testcase>
</testsuite>